<?xml version="1.0" encoding="UTF-8"?>
<testng-results ignored="0" total="1" passed="1" failed="0" skipped="0">
  <reporter-output>
  </reporter-output>
  <suite started-at="2020-07-08T19:00:30 IST" name="Default suite" finished-at="2020-07-08T19:01:24 IST" duration-ms="54079">
    <groups>
      <group name="smokeTest">
        <method signature="logintest.testcase1()[pri:0, instance:testcase.logintest@37918c79]" name="testcase1" class="testcase.logintest"/>
      </group> <!-- smokeTest -->
    </groups>
    <test started-at="2020-07-08T19:00:30 IST" name="Default test" finished-at="2020-07-08T19:01:24 IST" duration-ms="54079">
      <class name="testcase.logintest">
        <test-method signature="testcase1()[pri:0, instance:testcase.logintest@37918c79]" started-at="2020-07-08T19:00:30 IST" name="testcase1" finished-at="2020-07-08T19:01:24 IST" duration-ms="54041" status="PASS">
          <reporter-output>
          </reporter-output>
        </test-method> <!-- testcase1 -->
      </class> <!-- testcase.logintest -->
    </test> <!-- Default test -->
  </suite> <!-- Default suite -->
</testng-results>
